<?xml version="1.0" encoding="UTF-8"?>
<testng-results ignored="0" total="1" passed="1" failed="0" skipped="0">
  <reporter-output>
  </reporter-output>
  <suite started-at="2022-10-20T00:48:10 GMT-05:00" name="Default suite" finished-at="2022-10-20T00:48:20 GMT-05:00" duration-ms="9700">
    <groups>
    </groups>
    <test started-at="2022-10-20T00:48:10 GMT-05:00" name="Default test" finished-at="2022-10-20T00:48:20 GMT-05:00" duration-ms="9700">
      <class name="com.banking_app.testCases.LoginTestCase1">
        <test-method is-config="true" signature="setUp()[pri:0, instance:com.banking_app.testCases.LoginTestCase1@a1153bc]" started-at="2022-10-20T00:48:10 GMT-05:00" name="setUp" finished-at="2022-10-20T00:48:15 GMT-05:00" duration-ms="4816" status="PASS">
          <reporter-output>
          </reporter-output>
        </test-method> <!-- setUp -->
        <test-method signature="loginTest()[pri:0, instance:com.banking_app.testCases.LoginTestCase1@a1153bc]" started-at="2022-10-20T00:48:15 GMT-05:00" name="loginTest" finished-at="2022-10-20T00:48:20 GMT-05:00" duration-ms="4540" status="PASS">
          <reporter-output>
          </reporter-output>
        </test-method> <!-- loginTest -->
        <test-method is-config="true" signature="tearDown()[pri:0, instance:com.banking_app.testCases.LoginTestCase1@a1153bc]" started-at="2022-10-20T00:48:20 GMT-05:00" name="tearDown" finished-at="2022-10-20T00:48:20 GMT-05:00" duration-ms="284" status="PASS">
          <reporter-output>
          </reporter-output>
        </test-method> <!-- tearDown -->
      </class> <!-- com.banking_app.testCases.LoginTestCase1 -->
    </test> <!-- Default test -->
  </suite> <!-- Default suite -->
</testng-results>
